0 info it worked if it ends with ok
1 verbose cli [ 'C:\\Program Files\\nodejs\\node.exe',
1 verbose cli   'C:\\Program Files\\nodejs\\node_modules\\npm\\bin\\npm-cli.js',
1 verbose cli   'run',
1 verbose cli   'lint' ]
2 info using npm@3.9.3
3 info using node@v6.2.1
4 verbose run-script [ 'prelint', 'lint', 'postlint' ]
5 info lifecycle react-spy-scroll@0.2.1~prelint: react-spy-scroll@0.2.1
6 silly lifecycle react-spy-scroll@0.2.1~prelint: no script for prelint, continuing
7 info lifecycle react-spy-scroll@0.2.1~lint: react-spy-scroll@0.2.1
8 verbose lifecycle react-spy-scroll@0.2.1~lint: unsafe-perm in lifecycle true
9 verbose lifecycle react-spy-scroll@0.2.1~lint: PATH: C:\Program Files\nodejs\node_modules\npm\bin\node-gyp-bin;C:\Users\Nicklas\IdeaProjects\react-scroll-spy\node_modules\.bin;C:\Program Files\nodejs;C:\cygwin64\usr\local\bin;C:\cygwin64\bin;C:\Python27;C:\Python27\Scripts;C:\ProgramData\Oracle\Java\javapath;C:\WINDOWS\system32;C:\WINDOWS;C:\WINDOWS\System32\Wbem;C:\WINDOWS\System32\WindowsPowerShell\v1.0;C:\Program Files\Apache Software Foundation\apache-maven-3.2.5\bin;C:\Program Files (x86)\NVIDIA Corporation\PhysX\Common;C:\WINDOWS\system32;C:\WINDOWS;C:\WINDOWS\System32\Wbem;C:\WINDOWS\System32\WindowsPowerShell\v1.0;C:\apache-ant-1.9.6\bin;C:\Program Files (x86)\Skype\Phone;C:\Users\Nicklas\AppData\Local\Android\sdk\platform-tools;C:\Users\Nicklas\AppData\Local\Android\sdk\tools;%USERPROFILE%\.dnx\bin;C:\Program Files\Microsoft DNX\Dnvm;C:\Program Files (x86)\Heroku\bin;C:\Program Files (x86)\git\cmd;C:\Program Files (x86)\Git\cmd;%localappdata%\Microsoft\WindowsApps;C:\Program Files\nodejs;C:\Users\Nicklas\AppData\Local\Microsoft\WindowsApps;C:\Users\Nicklas\AppData\Roaming\npm;C:\cygwin64\lib\lapack
10 verbose lifecycle react-spy-scroll@0.2.1~lint: CWD: C:\Users\Nicklas\IdeaProjects\react-scroll-spy
11 silly lifecycle react-spy-scroll@0.2.1~lint: Args: [ '/d /s /c', 'esw src/ test/' ]
12 silly lifecycle react-spy-scroll@0.2.1~lint: Returned: code: 1  signal: null
13 info lifecycle react-spy-scroll@0.2.1~lint: Failed to exec lint script
14 verbose stack Error: react-spy-scroll@0.2.1 lint: `esw src/ test/`
14 verbose stack Exit status 1
14 verbose stack     at EventEmitter.<anonymous> (C:\Program Files\nodejs\node_modules\npm\lib\utils\lifecycle.js:245:16)
14 verbose stack     at emitTwo (events.js:106:13)
14 verbose stack     at EventEmitter.emit (events.js:191:7)
14 verbose stack     at ChildProcess.<anonymous> (C:\Program Files\nodejs\node_modules\npm\lib\utils\spawn.js:24:14)
14 verbose stack     at emitTwo (events.js:106:13)
14 verbose stack     at ChildProcess.emit (events.js:191:7)
14 verbose stack     at maybeClose (internal/child_process.js:852:16)
14 verbose stack     at Process.ChildProcess._handle.onexit (internal/child_process.js:215:5)
15 verbose pkgid react-spy-scroll@0.2.1
16 verbose cwd C:\Users\Nicklas\IdeaProjects\react-scroll-spy
17 error Windows_NT 10.0.14931
18 error argv "C:\\Program Files\\nodejs\\node.exe" "C:\\Program Files\\nodejs\\node_modules\\npm\\bin\\npm-cli.js" "run" "lint"
19 error node v6.2.1
20 error npm  v3.9.3
21 error code ELIFECYCLE
22 error react-spy-scroll@0.2.1 lint: `esw src/ test/`
22 error Exit status 1
23 error Failed at the react-spy-scroll@0.2.1 lint script 'esw src/ test/'.
23 error Make sure you have the latest version of node.js and npm installed.
23 error If you do, this is most likely a problem with the react-spy-scroll package,
23 error not with npm itself.
23 error Tell the author that this fails on your system:
23 error     esw src/ test/
23 error You can get information on how to open an issue for this project with:
23 error     npm bugs react-spy-scroll
23 error Or if that isn't available, you can get their info via:
23 error     npm owner ls react-spy-scroll
23 error There is likely additional logging output above.
24 verbose exit [ 1, true ]
